Removed Pin From Net: NetName=ADC_IN Pin=R2-1
Removed Pin From Net: NetName=ADC_IN Pin=R3-1
Removed Pin From Net: NetName=GND Pin=R3-2
Removed Pin From Net: NetName=GND Pin=R4-1
Removed Pin From Net: NetName=NetC10_2 Pin=R4-2
Removed Pin From Net: NetName=GND Pin=R5-1
Removed Pin From Net: NetName=NetC11_2 Pin=R5-2
Removed Member From Class: ClassName=Sheet1 Member=R46
Change Component Footprint: Designator=R2 Old Footprint=R1/4W New Footprint=RES-1/4W
Change Component Footprint: Designator=R3 Old Footprint=R1/4W New Footprint=RES-1/4W
Change Component Footprint: Designator=R4 Old Footprint=R1/4W New Footprint=RES-1/4W
Change Component Footprint: Designator=R5 Old Footprint=R1/4W New Footprint=RES-1/4W
Change Component Footprint: Designator=R6 Old Footprint=R1/4W New Footprint=RES-1/4W
Change Component Footprint: Designator=R7 Old Footprint=R1/4W New Footprint=RES-1/4W
Change component parameters: Designator = "R2" ("R2"); Footprint = "R1/4W"; UniqueID = "\ZTJWWNUD" ("\ZTJWWNUD")
Change component parameters: Designator = "R3" ("R3"); Footprint = "R1/4W"; UniqueID = "\MCZXKZGZ" ("\MCZXKZGZ")
Change component parameters: Designator = "R4" ("R4"); Footprint = "R1/4W"; UniqueID = "\UURGIOPK" ("\UURGIOPK")
Change component parameters: Designator = "R5" ("R5"); Footprint = "R1/4W"; UniqueID = "\OLGFDBPD" ("\OLGFDBPD")
Change component parameters: Designator = "R6" ("R6"); Footprint = "R1/4W"; UniqueID = "\GLHENMRG" ("\GLHENMRG")
Change component parameters: Designator = "R7" ("R7"); Footprint = "R1/4W"; UniqueID = "\PPVGUFRX" ("\PPVGUFRX")
Added Pin To Net: NetName=ADC_IN Pin=R2-2
Added Pin To Net: NetName=GND Pin=R3-1
Added Pin To Net: NetName=ADC_IN Pin=R3-2
Added Pin To Net: NetName=NetC10_2 Pin=R4-1
Added Pin To Net: NetName=GND Pin=R4-2
Added Pin To Net: NetName=NetC11_2 Pin=R5-1
Added Pin To Net: NetName=GND Pin=R5-2
Added Pin To Net: NetName=NetR2_1 Pin=R2-1
Added Pin To Net: NetName=NetR2_1 Pin=U1-2
Added Net: Name=NetR2_1
